[debug] [2022-08-23T23:13:04.687Z] ----------------------------------------------------------------------
[debug] [2022-08-23T23:13:04.689Z] Command:       C:\Users\lucas\node.exe C:\Users\lucas\AppData\Roaming\npm\node_modules\firebase-tools\lib\bin\firebase.js init
[debug] [2022-08-23T23:13:04.689Z] CLI Version:   11.8.0
[debug] [2022-08-23T23:13:04.689Z] Platform:      win32
[debug] [2022-08-23T23:13:04.689Z] Node Version:  v16.15.1
[debug] [2022-08-23T23:13:04.690Z] Time:          Tue Aug 23 2022 19:13:04 GMT-0400 (Eastern Daylight Time)
[debug] [2022-08-23T23:13:04.690Z] ----------------------------------------------------------------------
[debug] 
[debug] [2022-08-23T23:13:04.696Z] > command requires scopes: ["email","openid","https://www.googleapis.com/auth/cloudplatformprojects.readonly","https://www.googleapis.com/auth/firebase","https://www.googleapis.com/auth/cloud-platform"]
[debug] [2022-08-23T23:13:04.697Z] > authorizing via signed-in user (lukemeng03@gmail.com)
[info] 
     ######## #### ########  ######## ########     ###     ######  ########
     ##        ##  ##     ## ##       ##     ##  ##   ##  ##       ##
     ######    ##  ########  ######   ########  #########  ######  ######
     ##        ##  ##    ##  ##       ##     ## ##     ##       ## ##
     ##       #### ##     ## ######## ########  ##     ##  ######  ########

You're about to initialize a Firebase project in this directory:

  C:\Users\lucas\Desktop\My Coding Files or Folders\Personal Website\person-website-1

[info] 
=== Project Setup
[info] 
[info] First, let's associate this project directory with a Firebase project.
[info] You can create multiple project aliases by running firebase use --add, 
[info] but for now we'll just set up a default project.
[info] 
[debug] [2022-08-23T23:13:14.742Z] > refreshing access token with scopes: []
[debug] [2022-08-23T23:13:14.744Z] >>> [apiv2][query] POST https://www.googleapis.com/oauth2/v3/token [none]
[debug] [2022-08-23T23:13:14.744Z] >>> [apiv2][body] POST https://www.googleapis.com/oauth2/v3/token [omitted]
[debug] [2022-08-23T23:13:14.837Z] <<< [apiv2][status] POST https://www.googleapis.com/oauth2/v3/token 200
[debug] [2022-08-23T23:13:14.837Z] <<< [apiv2][body] POST https://www.googleapis.com/oauth2/v3/token [omitted]
[debug] [2022-08-23T23:13:14.849Z] >>> [apiv2][query] GET https://firebase.googleapis.com/v1beta1/projects pageSize=100
[debug] [2022-08-23T23:13:15.162Z] <<< [apiv2][status] GET https://firebase.googleapis.com/v1beta1/projects 200
[debug] [2022-08-23T23:13:15.162Z] <<< [apiv2][body] GET https://firebase.googleapis.com/v1beta1/projects [omitted]
[info] i  Using project luke-meng (luke-meng) 
[info] 
=== Hosting Setup
[info] 
[info] Your public directory is the folder (relative to your project directory) that
[info] will contain Hosting assets to be uploaded with firebase deploy. If you
[info] have a build process for your assets, use your build's output directory.
[info] 
